Using pre-set license
Built from '2020.3/staging' branch; Version is '2020.3.8f1 (507919d4fff5) revision 5273881'; Using compiler version '192528614'; Build Type 'Release'
OS: 'Windows 10 Enterprise LTSC 2019; OS build 17763.316; Version 1809; 64bit' Language: 'ru' Physical Memory: 8189 MB
BatchMode: 1, IsHumanControllingUs: 0, StartBugReporterOnCrash: 0, Is64bit: 1, IsPro: 0

 COMMAND LINE ARGUMENTS:
D:\Program Files (x86)\Unity\2020.3.8f1\Editor\Unity.exe
-adb2
-batchMode
-noUpm
-name
AssetImportWorker0
-projectPath
D:/Program Files (x86)/GitHub Repository/Endless-portals
-logFile
Logs/AssetImportWorker0.log
-srvPort
49434
Successfully changed project path to: D:/Program Files (x86)/GitHub Repository/Endless-portals
D:/Program Files (x86)/GitHub Repository/Endless-portals
Using Asset Import Pipeline V2.
Refreshing native plugins compatible for Editor in 42.82 ms, found 0 plugins.
Preloading 0 native plugins for Editor in 0.00 ms.
Initialize engine version: 2020.3.8f1 (507919d4fff5)
[Subsystems] Discovering subsystems at path D:/Program Files (x86)/Unity/2020.3.8f1/Editor/Data/Resources/UnitySubsystems
[Subsystems] Discovering subsystems at path D:/Program Files (x86)/GitHub Repository/Endless-portals/Assets
GfxDevice: creating device client; threaded=0
Direct3D:
    Version:  Direct3D 11.0 [level 11.0]
    Renderer: NVIDIA GeForce GTX 770 (ID=0x1184)
    Vendor:   
    VRAM:     2007 MB
    Driver:   27.21.14.5730
Initialize mono
Mono path[0] = 'D:/Program Files (x86)/Unity/2020.3.8f1/Editor/Data/Managed'
Mono path[1] = 'D:/Program Files (x86)/Unity/2020.3.8f1/Editor/Data/MonoBleedingEdge/lib/mono/unityjit'
Mono config path = 'D:/Program Files (x86)/Unity/2020.3.8f1/Editor/Data/MonoBleedingEdge/etc'
Using monoOptions --debugger-agent=transport=dt_socket,embedding=1,server=y,suspend=n,address=127.0.0.1:56656
Begin MonoManager ReloadAssembly
Registering precompiled unity dll's ...
Register platform support module: D:/Program Files (x86)/Unity/2020.3.8f1/Editor/Data/PlaybackEngines/WebGLSupport/UnityEditor.WebGL.Extensions.dll
Register platform support module: D:/Program Files (x86)/Unity/2020.3.8f1/Editor/Data/PlaybackEngines/MacStandaloneSupport/UnityEditor.OSXStandalone.Extensions.dll
Register platform support module: D:/Program Files (x86)/Unity/2020.3.8f1/Editor/Data/PlaybackEngines/WindowsStandaloneSupport/UnityEditor.WindowsStandalone.Extensions.dll
Register platform support module: D:/Program Files (x86)/Unity/2020.3.8f1/Editor/Data/PlaybackEngines/LinuxStandaloneSupport/UnityEditor.LinuxStandalone.Extensions.dll
Register platform support module: D:/Program Files (x86)/Unity/2020.3.8f1/Editor/Data/PlaybackEngines/LuminSupport/UnityEditor.Lumin.Extensions.dll
Registered in 0.005767 seconds.
Native extension for Lumin target not found
Native extension for LinuxStandalone target not found
Native extension for WindowsStandalone target not found
Native extension for OSXStandalone target not found
Native extension for WebGL target not found
Refreshing native plugins compatible for Editor in 40.57 ms, found 0 plugins.
Preloading 0 native plugins for Editor in 0.00 ms.
Mono: successfully reloaded assembly
- Completed reload, in  2.672 seconds
Platform modules already initialized, skipping
Registering precompiled user dll's ...
Registered in 0.001029 seconds.
Begin MonoManager ReloadAssembly
Native extension for Lumin target not found
Native extension for LinuxStandalone target not found
Native extension for WindowsStandalone target not found
Native extension for OSXStandalone target not found
Native extension for WebGL target not found
Refreshing native plugins compatible for Editor in 0.39 ms, found 0 plugins.
Preloading 0 native plugins for Editor in 0.00 ms.
Mono: successfully reloaded assembly
- Completed reload, in  1.363 seconds
Platform modules already initialized, skipping
========================================================================
Worker process is ready to serve import requests
Launched and connected shader compiler UnityShaderCompiler.exe after 0.07 seconds
Refreshing native plugins compatible for Editor in 0.38 ms, found 0 plugins.
Preloading 0 native plugins for Editor in 0.00 ms.
Unloading 1130 Unused Serialized files (Serialized files now loaded: 0)
System memory in use before: 70.9 MB.
System memory in use after: 70.9 MB.

Unloading 10 unused Assets to reduce memory usage. Loaded Objects now: 1592.
Total: 3.040500 ms (FindLiveObjects: 0.321900 ms CreateObjectMapping: 0.067600 ms MarkObjects: 2.507800 ms  DeleteObjects: 0.141400 ms)

========================================================================
Received Import Request.
  path: Assets/Scripts/BladeScript.cs
  artifactKey: Guid(33263549d2e657d44bb8760ccd65d2e9) Importer(815301076,1909f56bfc062723c751e8b465ee728b)
Start importing Assets/Scripts/BladeScript.cs using Guid(33263549d2e657d44bb8760ccd65d2e9) Importer(815301076,1909f56bfc062723c751e8b465ee728b)  -> (artifact id: '95b4175290aeb02f393aea6c38b68971') in 0.061056 seconds
  Import took 0.064806 seconds .

========================================================================
Received Import Request.
  Time since last request: 249.488859 seconds.
  path: Assets/Scripts/BladeScript.cs
  artifactKey: Guid(33263549d2e657d44bb8760ccd65d2e9) Importer(815301076,1909f56bfc062723c751e8b465ee728b)
Start importing Assets/Scripts/BladeScript.cs using Guid(33263549d2e657d44bb8760ccd65d2e9) Importer(815301076,1909f56bfc062723c751e8b465ee728b)  -> (artifact id: '774f94c69da6f125d7cd5bad427f2b41') in 0.009796 seconds
  Import took 0.013865 seconds .

========================================================================
Received Prepare
Registering precompiled user dll's ...
Registered in 0.000992 seconds.
Begin MonoManager ReloadAssembly
Native extension for Lumin target not found
Native extension for LinuxStandalone target not found
Native extension for WindowsStandalone target not found
Native extension for OSXStandalone target not found
Native extension for WebGL target not found
Refreshing native plugins compatible for Editor in 0.38 ms, found 0 plugins.
Preloading 0 native plugins for Editor in 0.00 ms.
Mono: successfully reloaded assembly
- Completed reload, in  1.303 seconds
Platform modules already initialized, skipping
Refreshing native plugins compatible for Editor in 0.41 ms, found 0 plugins.
Preloading 0 native plugins for Editor in 0.00 ms.
Unloading 1125 Unused Serialized files (Serialized files now loaded: 0)
System memory in use before: 70.8 MB.
System memory in use after: 70.9 MB.

Unloading 5 unused Assets to reduce memory usage. Loaded Objects now: 1595.
Total: 3.086300 ms (FindLiveObjects: 0.334600 ms CreateObjectMapping: 0.065900 ms MarkObjects: 2.582000 ms  DeleteObjects: 0.101800 ms)

========================================================================
Received Prepare
Registering precompiled user dll's ...
Registered in 0.001019 seconds.
Begin MonoManager ReloadAssembly
Native extension for Lumin target not found
Native extension for LinuxStandalone target not found
Native extension for WindowsStandalone target not found
Native extension for OSXStandalone target not found
Native extension for WebGL target not found
Refreshing native plugins compatible for Editor in 0.39 ms, found 0 plugins.
Preloading 0 native plugins for Editor in 0.00 ms.
Mono: successfully reloaded assembly
- Completed reload, in  1.306 seconds
Platform modules already initialized, skipping
Refreshing native plugins compatible for Editor in 0.45 ms, found 0 plugins.
Preloading 0 native plugins for Editor in 0.00 ms.
Unloading 1125 Unused Serialized files (Serialized files now loaded: 0)
System memory in use before: 70.9 MB.
System memory in use after: 70.9 MB.

Unloading 5 unused Assets to reduce memory usage. Loaded Objects now: 1598.
Total: 2.882200 ms (FindLiveObjects: 0.301900 ms CreateObjectMapping: 0.063600 ms MarkObjects: 2.415400 ms  DeleteObjects: 0.099400 ms)

========================================================================
Received Import Request.
  Time since last request: 130.391817 seconds.
  path: Assets/Scripts/EnemyAction.cs
  artifactKey: Guid(479198702b5538f43b38642422d254dd) Importer(815301076,1909f56bfc062723c751e8b465ee728b)
Start importing Assets/Scripts/EnemyAction.cs using Guid(479198702b5538f43b38642422d254dd) Importer(815301076,1909f56bfc062723c751e8b465ee728b)  -> (artifact id: '29b5f6a376a99894864b9cd22fbd0ace') in 0.007648 seconds
  Import took 0.011239 seconds .

========================================================================
Received Import Request.
  Time since last request: 3.756848 seconds.
  path: Assets/Scripts/WeaponAttack.cs
  artifactKey: Guid(64ab26ea32a49c349b5a495cdac28725) Importer(815301076,1909f56bfc062723c751e8b465ee728b)
Start importing Assets/Scripts/WeaponAttack.cs using Guid(64ab26ea32a49c349b5a495cdac28725) Importer(815301076,1909f56bfc062723c751e8b465ee728b)  -> (artifact id: '04811ee80bd2d1db9cc6524f3f16b351') in 0.012125 seconds
  Import took 0.015994 seconds .

========================================================================
Received Import Request.
  Time since last request: 13.811133 seconds.
  path: Assets/Scripts/BladeEnemy.cs
  artifactKey: Guid(721d767bf908cf2488728d942e001952) Importer(815301076,1909f56bfc062723c751e8b465ee728b)
Start importing Assets/Scripts/BladeEnemy.cs using Guid(721d767bf908cf2488728d942e001952) Importer(815301076,1909f56bfc062723c751e8b465ee728b)  -> (artifact id: 'ad4b38cf03d0c43c31bbdf5a1cd6d92d') in 0.010996 seconds
  Import took 0.016094 seconds .

========================================================================
Received Prepare
Registering precompiled user dll's ...
Registered in 0.001032 seconds.
Begin MonoManager ReloadAssembly
Native extension for Lumin target not found
Native extension for LinuxStandalone target not found
Native extension for WindowsStandalone target not found
Native extension for OSXStandalone target not found
Native extension for WebGL target not found
Refreshing native plugins compatible for Editor in 0.46 ms, found 0 plugins.
Preloading 0 native plugins for Editor in 0.00 ms.
Mono: successfully reloaded assembly
- Completed reload, in  1.394 seconds
Platform modules already initialized, skipping
Refreshing native plugins compatible for Editor in 0.48 ms, found 0 plugins.
Preloading 0 native plugins for Editor in 0.00 ms.
Unloading 1126 Unused Serialized files (Serialized files now loaded: 0)
System memory in use before: 70.9 MB.
System memory in use after: 71.0 MB.

Unloading 5 unused Assets to reduce memory usage. Loaded Objects now: 1602.
Total: 2.832500 ms (FindLiveObjects: 0.311900 ms CreateObjectMapping: 0.062600 ms MarkObjects: 2.367400 ms  DeleteObjects: 0.088800 ms)

========================================================================
Received Prepare
Registering precompiled user dll's ...
Registered in 0.001530 seconds.
Begin MonoManager ReloadAssembly
Native extension for Lumin target not found
Native extension for LinuxStandalone target not found
Native extension for WindowsStandalone target not found
Native extension for OSXStandalone target not found
Native extension for WebGL target not found
Refreshing native plugins compatible for Editor in 0.39 ms, found 0 plugins.
Preloading 0 native plugins for Editor in 0.00 ms.
Mono: successfully reloaded assembly
- Completed reload, in  1.287 seconds
Platform modules already initialized, skipping
Refreshing native plugins compatible for Editor in 0.40 ms, found 0 plugins.
Preloading 0 native plugins for Editor in 0.00 ms.
Unloading 1126 Unused Serialized files (Serialized files now loaded: 0)
System memory in use before: 70.9 MB.
System memory in use after: 71.0 MB.

Unloading 5 unused Assets to reduce memory usage. Loaded Objects now: 1605.
Total: 3.018700 ms (FindLiveObjects: 0.314300 ms CreateObjectMapping: 0.062700 ms MarkObjects: 2.543600 ms  DeleteObjects: 0.096400 ms)

========================================================================
Received Import Request.
  Time since last request: 814.744694 seconds.
  path: Assets/Scripts/BladeEnemy.cs
  artifactKey: Guid(721d767bf908cf2488728d942e001952) Importer(815301076,1909f56bfc062723c751e8b465ee728b)
Start importing Assets/Scripts/BladeEnemy.cs using Guid(721d767bf908cf2488728d942e001952) Importer(815301076,1909f56bfc062723c751e8b465ee728b)  -> (artifact id: '884dcd8e5fb83e107bbb3b5410eb4cea') in 0.007451 seconds
  Import took 0.011302 seconds .

========================================================================
Received Prepare
Registering precompiled user dll's ...
Registered in 0.000952 seconds.
Begin MonoManager ReloadAssembly
Native extension for Lumin target not found
Native extension for LinuxStandalone target not found
Native extension for WindowsStandalone target not found
Native extension for OSXStandalone target not found
Native extension for WebGL target not found
Refreshing native plugins compatible for Editor in 0.37 ms, found 0 plugins.
Preloading 0 native plugins for Editor in 0.00 ms.
Mono: successfully reloaded assembly
- Completed reload, in  1.264 seconds
Platform modules already initialized, skipping
Refreshing native plugins compatible for Editor in 0.40 ms, found 0 plugins.
Preloading 0 native plugins for Editor in 0.00 ms.
Unloading 1126 Unused Serialized files (Serialized files now loaded: 0)
System memory in use before: 70.9 MB.
System memory in use after: 71.0 MB.

Unloading 5 unused Assets to reduce memory usage. Loaded Objects now: 1608.
Total: 2.925700 ms (FindLiveObjects: 0.322200 ms CreateObjectMapping: 0.068600 ms MarkObjects: 2.438000 ms  DeleteObjects: 0.095200 ms)

========================================================================
Received Prepare
Registering precompiled user dll's ...
Registered in 0.001302 seconds.
Begin MonoManager ReloadAssembly
Native extension for Lumin target not found
Native extension for LinuxStandalone target not found
Native extension for WindowsStandalone target not found
Native extension for OSXStandalone target not found
Native extension for WebGL target not found
Refreshing native plugins compatible for Editor in 0.37 ms, found 0 plugins.
Preloading 0 native plugins for Editor in 0.00 ms.
Mono: successfully reloaded assembly
- Completed reload, in  1.269 seconds
Platform modules already initialized, skipping
Refreshing native plugins compatible for Editor in 0.39 ms, found 0 plugins.
Preloading 0 native plugins for Editor in 0.00 ms.
Unloading 1126 Unused Serialized files (Serialized files now loaded: 0)
System memory in use before: 70.9 MB.
System memory in use after: 71.0 MB.

Unloading 5 unused Assets to reduce memory usage. Loaded Objects now: 1611.
Total: 2.775800 ms (FindLiveObjects: 0.298000 ms CreateObjectMapping: 0.066800 ms MarkObjects: 2.319500 ms  DeleteObjects: 0.088100 ms)

========================================================================
Received Prepare
Registering precompiled user dll's ...
Registered in 0.000892 seconds.
Begin MonoManager ReloadAssembly
Native extension for Lumin target not found
Native extension for LinuxStandalone target not found
Native extension for WindowsStandalone target not found
Native extension for OSXStandalone target not found
Native extension for WebGL target not found
Refreshing native plugins compatible for Editor in 0.39 ms, found 0 plugins.
Preloading 0 native plugins for Editor in 0.00 ms.
Mono: successfully reloaded assembly
- Completed reload, in  1.281 seconds
Platform modules already initialized, skipping
Refreshing native plugins compatible for Editor in 0.44 ms, found 0 plugins.
Preloading 0 native plugins for Editor in 0.00 ms.
Unloading 1126 Unused Serialized files (Serialized files now loaded: 0)
System memory in use before: 70.9 MB.
System memory in use after: 71.0 MB.

Unloading 5 unused Assets to reduce memory usage. Loaded Objects now: 1614.
Total: 3.028700 ms (FindLiveObjects: 0.368500 ms CreateObjectMapping: 0.077500 ms MarkObjects: 2.483500 ms  DeleteObjects: 0.097000 ms)

========================================================================
Received Prepare
Registering precompiled user dll's ...
Registered in 0.001082 seconds.
Begin MonoManager ReloadAssembly
Native extension for Lumin target not found
Native extension for LinuxStandalone target not found
Native extension for WindowsStandalone target not found
Native extension for OSXStandalone target not found
Native extension for WebGL target not found
Refreshing native plugins compatible for Editor in 0.37 ms, found 0 plugins.
Preloading 0 native plugins for Editor in 0.00 ms.
Mono: successfully reloaded assembly
- Completed reload, in  1.304 seconds
Platform modules already initialized, skipping
Refreshing native plugins compatible for Editor in 0.43 ms, found 0 plugins.
Preloading 0 native plugins for Editor in 0.00 ms.
Unloading 1126 Unused Serialized files (Serialized files now loaded: 0)
System memory in use before: 70.9 MB.
System memory in use after: 71.0 MB.

Unloading 5 unused Assets to reduce memory usage. Loaded Objects now: 1617.
Total: 3.100300 ms (FindLiveObjects: 0.341600 ms CreateObjectMapping: 0.064700 ms MarkObjects: 2.579300 ms  DeleteObjects: 0.112400 ms)

========================================================================
Received Prepare
Registering precompiled user dll's ...
Registered in 0.001035 seconds.
Begin MonoManager ReloadAssembly
Native extension for Lumin target not found
Native extension for LinuxStandalone target not found
Native extension for WindowsStandalone target not found
Native extension for OSXStandalone target not found
Native extension for WebGL target not found
Refreshing native plugins compatible for Editor in 0.40 ms, found 0 plugins.
Preloading 0 native plugins for Editor in 0.00 ms.
Mono: successfully reloaded assembly
- Completed reload, in  1.294 seconds
Platform modules already initialized, skipping
Refreshing native plugins compatible for Editor in 0.45 ms, found 0 plugins.
Preloading 0 native plugins for Editor in 0.00 ms.
Unloading 1126 Unused Serialized files (Serialized files now loaded: 0)
System memory in use before: 70.9 MB.
System memory in use after: 71.0 MB.

Unloading 5 unused Assets to reduce memory usage. Loaded Objects now: 1620.
Total: 3.176200 ms (FindLiveObjects: 0.370100 ms CreateObjectMapping: 0.074800 ms MarkObjects: 2.625400 ms  DeleteObjects: 0.103900 ms)

========================================================================
Received Prepare
Registering precompiled user dll's ...
Registered in 0.001032 seconds.
Begin MonoManager ReloadAssembly
Native extension for Lumin target not found
Native extension for LinuxStandalone target not found
Native extension for WindowsStandalone target not found
Native extension for OSXStandalone target not found
Native extension for WebGL target not found
Refreshing native plugins compatible for Editor in 0.37 ms, found 0 plugins.
Preloading 0 native plugins for Editor in 0.00 ms.
Mono: successfully reloaded assembly
- Completed reload, in  1.305 seconds
Platform modules already initialized, skipping
Refreshing native plugins compatible for Editor in 0.41 ms, found 0 plugins.
Preloading 0 native plugins for Editor in 0.00 ms.
Unloading 1126 Unused Serialized files (Serialized files now loaded: 0)
System memory in use before: 70.9 MB.
System memory in use after: 71.0 MB.

Unloading 5 unused Assets to reduce memory usage. Loaded Objects now: 1623.
Total: 3.187500 ms (FindLiveObjects: 0.310700 ms CreateObjectMapping: 0.064700 ms MarkObjects: 2.708800 ms  DeleteObjects: 0.101400 ms)

========================================================================
Received Prepare
Registering precompiled user dll's ...
Registered in 0.000975 seconds.
Begin MonoManager ReloadAssembly
Native extension for Lumin target not found
Native extension for LinuxStandalone target not found
Native extension for WindowsStandalone target not found
Native extension for OSXStandalone target not found
Native extension for WebGL target not found
Refreshing native plugins compatible for Editor in 0.42 ms, found 0 plugins.
Preloading 0 native plugins for Editor in 0.00 ms.
Mono: successfully reloaded assembly
- Completed reload, in  1.342 seconds
Platform modules already initialized, skipping
Refreshing native plugins compatible for Editor in 0.40 ms, found 0 plugins.
Preloading 0 native plugins for Editor in 0.00 ms.
Unloading 1126 Unused Serialized files (Serialized files now loaded: 0)
System memory in use before: 70.9 MB.
System memory in use after: 71.0 MB.

Unloading 5 unused Assets to reduce memory usage. Loaded Objects now: 1626.
Total: 2.907800 ms (FindLiveObjects: 0.331500 ms CreateObjectMapping: 0.066400 ms MarkObjects: 2.409900 ms  DeleteObjects: 0.098400 ms)

========================================================================
Received Prepare
Registering precompiled user dll's ...
Registered in 0.000983 seconds.
Begin MonoManager ReloadAssembly
Native extension for Lumin target not found
Native extension for LinuxStandalone target not found
Native extension for WindowsStandalone target not found
Native extension for OSXStandalone target not found
Native extension for WebGL target not found
Refreshing native plugins compatible for Editor in 0.39 ms, found 0 plugins.
Preloading 0 native plugins for Editor in 0.00 ms.
Mono: successfully reloaded assembly
- Completed reload, in  1.331 seconds
Platform modules already initialized, skipping
Refreshing native plugins compatible for Editor in 0.43 ms, found 0 plugins.
Preloading 0 native plugins for Editor in 0.00 ms.
Unloading 1126 Unused Serialized files (Serialized files now loaded: 0)
System memory in use before: 70.9 MB.
System memory in use after: 71.0 MB.

Unloading 5 unused Assets to reduce memory usage. Loaded Objects now: 1629.
Total: 3.132400 ms (FindLiveObjects: 0.333600 ms CreateObjectMapping: 0.063000 ms MarkObjects: 2.633700 ms  DeleteObjects: 0.100300 ms)

========================================================================
Received Prepare
Registering precompiled user dll's ...
Registered in 0.001271 seconds.
Begin MonoManager ReloadAssembly
Native extension for Lumin target not found
Native extension for LinuxStandalone target not found
Native extension for WindowsStandalone target not found
Native extension for OSXStandalone target not found
Native extension for WebGL target not found
Refreshing native plugins compatible for Editor in 0.40 ms, found 0 plugins.
Preloading 0 native plugins for Editor in 0.00 ms.
Mono: successfully reloaded assembly
- Completed reload, in  1.296 seconds
Platform modules already initialized, skipping
Refreshing native plugins compatible for Editor in 0.40 ms, found 0 plugins.
Preloading 0 native plugins for Editor in 0.00 ms.
Unloading 1126 Unused Serialized files (Serialized files now loaded: 0)
System memory in use before: 71.0 MB.
System memory in use after: 71.0 MB.

Unloading 5 unused Assets to reduce memory usage. Loaded Objects now: 1632.
Total: 3.176600 ms (FindLiveObjects: 0.335100 ms CreateObjectMapping: 0.073900 ms MarkObjects: 2.658300 ms  DeleteObjects: 0.107500 ms)

========================================================================
Received Prepare
Registering precompiled user dll's ...
Registered in 0.000968 seconds.
Begin MonoManager ReloadAssembly
Native extension for Lumin target not found
Native extension for LinuxStandalone target not found
Native extension for WindowsStandalone target not found
Native extension for OSXStandalone target not found
Native extension for WebGL target not found
Refreshing native plugins compatible for Editor in 0.41 ms, found 0 plugins.
Preloading 0 native plugins for Editor in 0.00 ms.
Mono: successfully reloaded assembly
- Completed reload, in  1.284 seconds
Platform modules already initialized, skipping
Refreshing native plugins compatible for Editor in 0.42 ms, found 0 plugins.
Preloading 0 native plugins for Editor in 0.00 ms.
Unloading 1126 Unused Serialized files (Serialized files now loaded: 0)
System memory in use before: 71.0 MB.
System memory in use after: 71.0 MB.

Unloading 5 unused Assets to reduce memory usage. Loaded Objects now: 1635.
Total: 3.053200 ms (FindLiveObjects: 0.347500 ms CreateObjectMapping: 0.073900 ms MarkObjects: 2.533400 ms  DeleteObjects: 0.096600 ms)

========================================================================
Received Prepare
Registering precompiled user dll's ...
Registered in 0.002077 seconds.
Begin MonoManager ReloadAssembly
Native extension for Lumin target not found
Native extension for LinuxStandalone target not found
Native extension for WindowsStandalone target not found
Native extension for OSXStandalone target not found
Native extension for WebGL target not found
Refreshing native plugins compatible for Editor in 0.37 ms, found 0 plugins.
Preloading 0 native plugins for Editor in 0.00 ms.
Mono: successfully reloaded assembly
- Completed reload, in  1.336 seconds
Platform modules already initialized, skipping
Refreshing native plugins compatible for Editor in 0.41 ms, found 0 plugins.
Preloading 0 native plugins for Editor in 0.00 ms.
Unloading 1126 Unused Serialized files (Serialized files now loaded: 0)
System memory in use before: 71.0 MB.
System memory in use after: 71.0 MB.

Unloading 5 unused Assets to reduce memory usage. Loaded Objects now: 1638.
Total: 2.980000 ms (FindLiveObjects: 0.330600 ms CreateObjectMapping: 0.073300 ms MarkObjects: 2.476400 ms  DeleteObjects: 0.098000 ms)

========================================================================
Received Prepare
Registering precompiled user dll's ...
Registered in 0.000935 seconds.
Begin MonoManager ReloadAssembly
Native extension for Lumin target not found
Native extension for LinuxStandalone target not found
Native extension for WindowsStandalone target not found
Native extension for OSXStandalone target not found
Native extension for WebGL target not found
Refreshing native plugins compatible for Editor in 0.51 ms, found 0 plugins.
Preloading 0 native plugins for Editor in 0.00 ms.
Mono: successfully reloaded assembly
- Completed reload, in  1.285 seconds
Platform modules already initialized, skipping
Refreshing native plugins compatible for Editor in 0.43 ms, found 0 plugins.
Preloading 0 native plugins for Editor in 0.00 ms.
Unloading 1126 Unused Serialized files (Serialized files now loaded: 0)
System memory in use before: 71.0 MB.
System memory in use after: 71.0 MB.

Unloading 5 unused Assets to reduce memory usage. Loaded Objects now: 1641.
Total: 2.997900 ms (FindLiveObjects: 0.337000 ms CreateObjectMapping: 0.064200 ms MarkObjects: 2.496900 ms  DeleteObjects: 0.097900 ms)

========================================================================
Received Prepare
Registering precompiled user dll's ...
Registered in 0.001297 seconds.
Begin MonoManager ReloadAssembly
Native extension for Lumin target not found
Native extension for LinuxStandalone target not found
Native extension for WindowsStandalone target not found
Native extension for OSXStandalone target not found
Native extension for WebGL target not found
Refreshing native plugins compatible for Editor in 0.46 ms, found 0 plugins.
Preloading 0 native plugins for Editor in 0.00 ms.
Mono: successfully reloaded assembly
- Completed reload, in  1.244 seconds
Platform modules already initialized, skipping
Refreshing native plugins compatible for Editor in 0.39 ms, found 0 plugins.
Preloading 0 native plugins for Editor in 0.00 ms.
Unloading 1126 Unused Serialized files (Serialized files now loaded: 0)
System memory in use before: 71.0 MB.
System memory in use after: 71.0 MB.

Unloading 5 unused Assets to reduce memory usage. Loaded Objects now: 1644.
Total: 2.816800 ms (FindLiveObjects: 0.305000 ms CreateObjectMapping: 0.074200 ms MarkObjects: 2.348800 ms  DeleteObjects: 0.086800 ms)

========================================================================
Received Import Request.
  Time since last request: 1855.313334 seconds.
  path: Assets/Scripts/EnemyAction.cs
  artifactKey: Guid(479198702b5538f43b38642422d254dd) Importer(815301076,1909f56bfc062723c751e8b465ee728b)
Start importing Assets/Scripts/EnemyAction.cs using Guid(479198702b5538f43b38642422d254dd) Importer(815301076,1909f56bfc062723c751e8b465ee728b)  -> (artifact id: '1ef503cea238047d1292495b853b725a') in 0.008572 seconds
  Import took 0.012177 seconds .

========================================================================
Received Import Request.
  Time since last request: 0.043871 seconds.
  path: Assets/Scripts/EnemyAction.cs
  artifactKey: Guid(479198702b5538f43b38642422d254dd) Importer(815301076,1909f56bfc062723c751e8b465ee728b)
Start importing Assets/Scripts/EnemyAction.cs using Guid(479198702b5538f43b38642422d254dd) Importer(815301076,1909f56bfc062723c751e8b465ee728b)  -> (artifact id: '1ef503cea238047d1292495b853b725a') in 0.006795 seconds
  Import took 0.009958 seconds .

========================================================================
Received Import Request.
  Time since last request: 1.027378 seconds.
  path: Assets/Scripts/BladeScript.cs
  artifactKey: Guid(33263549d2e657d44bb8760ccd65d2e9) Importer(815301076,1909f56bfc062723c751e8b465ee728b)
Start importing Assets/Scripts/BladeScript.cs using Guid(33263549d2e657d44bb8760ccd65d2e9) Importer(815301076,1909f56bfc062723c751e8b465ee728b)  -> (artifact id: '29e3728623f90ef1589dac1c09ae5427') in 0.006646 seconds
  Import took 0.009141 seconds .

========================================================================
Received Import Request.
  Time since last request: 14.454582 seconds.
  path: Assets/Scripts/BladeEnemy.cs
  artifactKey: Guid(721d767bf908cf2488728d942e001952) Importer(815301076,1909f56bfc062723c751e8b465ee728b)
Start importing Assets/Scripts/BladeEnemy.cs using Guid(721d767bf908cf2488728d942e001952) Importer(815301076,1909f56bfc062723c751e8b465ee728b)  -> (artifact id: '99d3b90875cb34c2d9391818daec67c8') in 0.005061 seconds
  Import took 0.008645 seconds .

========================================================================
Received Import Request.
  Time since last request: 310.080615 seconds.
  path: ProjectSettings/TagManager.asset
  artifactKey: Guid(00000000000000003000000000000000) Importer(815301076,1909f56bfc062723c751e8b465ee728b)
Start importing ProjectSettings/TagManager.asset using Guid(00000000000000003000000000000000) Importer(815301076,1909f56bfc062723c751e8b465ee728b)  -> (artifact id: '1825f17c65efb73b376cbfa0960ef828') in 0.084051 seconds
  Import took 0.087679 seconds .

========================================================================
Received Import Request.
  Time since last request: 356.838191 seconds.
  path: Assets/Scripts/ComradAction.cs
  artifactKey: Guid(00661b8af745f6448b464fa3409b3044) Importer(815301076,1909f56bfc062723c751e8b465ee728b)
Start importing Assets/Scripts/ComradAction.cs using Guid(00661b8af745f6448b464fa3409b3044) Importer(815301076,1909f56bfc062723c751e8b465ee728b)  -> (artifact id: '60aa4a2a78e39a2bf00ea48a02db4254') in 0.045659 seconds
  Import took 0.049633 seconds .

========================================================================
Received Prepare
Registering precompiled user dll's ...
Registered in 0.001015 seconds.
Begin MonoManager ReloadAssembly
Native extension for Lumin target not found
Native extension for LinuxStandalone target not found
Native extension for WindowsStandalone target not found
Native extension for OSXStandalone target not found
Native extension for WebGL target not found
Refreshing native plugins compatible for Editor in 0.38 ms, found 0 plugins.
Preloading 0 native plugins for Editor in 0.00 ms.
Mono: successfully reloaded assembly
- Completed reload, in  1.338 seconds
Platform modules already initialized, skipping
Refreshing native plugins compatible for Editor in 0.41 ms, found 0 plugins.
Preloading 0 native plugins for Editor in 0.00 ms.
Unloading 1127 Unused Serialized files (Serialized files now loaded: 0)
System memory in use before: 71.0 MB.
System memory in use after: 71.1 MB.

Unloading 6 unused Assets to reduce memory usage. Loaded Objects now: 1648.
Total: 3.303000 ms (FindLiveObjects: 0.326100 ms CreateObjectMapping: 0.065000 ms MarkObjects: 2.801900 ms  DeleteObjects: 0.107900 ms)

========================================================================
Received Prepare
Registering precompiled user dll's ...
Registered in 0.000944 seconds.
Begin MonoManager ReloadAssembly
Native extension for Lumin target not found
Native extension for LinuxStandalone target not found
Native extension for WindowsStandalone target not found
Native extension for OSXStandalone target not found
Native extension for WebGL target not found
Refreshing native plugins compatible for Editor in 0.37 ms, found 0 plugins.
Preloading 0 native plugins for Editor in 0.00 ms.
Mono: successfully reloaded assembly
- Completed reload, in  1.296 seconds
Platform modules already initialized, skipping
Refreshing native plugins compatible for Editor in 0.39 ms, found 0 plugins.
Preloading 0 native plugins for Editor in 0.00 ms.
Unloading 1127 Unused Serialized files (Serialized files now loaded: 0)
System memory in use before: 71.0 MB.
System memory in use after: 71.1 MB.

Unloading 5 unused Assets to reduce memory usage. Loaded Objects now: 1651.
Total: 2.884900 ms (FindLiveObjects: 0.307300 ms CreateObjectMapping: 0.065300 ms MarkObjects: 2.397400 ms  DeleteObjects: 0.113300 ms)

========================================================================
Received Import Request.
  Time since last request: 317.215585 seconds.
  path: Assets/Scripts/ComradAction.cs
  artifactKey: Guid(00661b8af745f6448b464fa3409b3044) Importer(815301076,1909f56bfc062723c751e8b465ee728b)
Start importing Assets/Scripts/ComradAction.cs using Guid(00661b8af745f6448b464fa3409b3044) Importer(815301076,1909f56bfc062723c751e8b465ee728b)  -> (artifact id: '7f93cfbe2d9c7b62a92f20a14dfa9895') in 0.007111 seconds
  Import took 0.009913 seconds .

========================================================================
Received Import Request.
  Time since last request: 35.244157 seconds.
  path: Assets/Prefabs/Enemy.prefab
  artifactKey: Guid(4c50e4bcb8f1ebe4a805aa4e6971afa7) Importer(815301076,1909f56bfc062723c751e8b465ee728b)
Start importing Assets/Prefabs/Enemy.prefab using Guid(4c50e4bcb8f1ebe4a805aa4e6971afa7) Importer(815301076,1909f56bfc062723c751e8b465ee728b)  -> (artifact id: '2619d59d62772bae3269964f33ee2449') in 0.144431 seconds
  Import took 0.147831 seconds .

========================================================================
Received Import Request.
  Time since last request: 0.000391 seconds.
  path: Assets/Prefabs/Hero.prefab
  artifactKey: Guid(1f36c56f2fd50224a864512e04ef8d6b) Importer(815301076,1909f56bfc062723c751e8b465ee728b)
Start importing Assets/Prefabs/Hero.prefab using Guid(1f36c56f2fd50224a864512e04ef8d6b) Importer(815301076,1909f56bfc062723c751e8b465ee728b)  -> (artifact id: '53e99a48f2b6287b5f3ca1249a135c2f') in 0.021937 seconds
  Import took 0.025153 seconds .

========================================================================
Received Import Request.
  Time since last request: 25.559318 seconds.
  path: Assets/Flat Textures Pack/Colors/Black.mat
  artifactKey: Guid(8658ebe4026b340408f87eb4135b81a9) Importer(815301076,1909f56bfc062723c751e8b465ee728b)
Start importing Assets/Flat Textures Pack/Colors/Black.mat using Guid(8658ebe4026b340408f87eb4135b81a9) Importer(815301076,1909f56bfc062723c751e8b465ee728b)  -> (artifact id: 'd25b29093b122f3b7b22f5970a298232') in 0.044228 seconds
  Import took 0.048181 seconds .

========================================================================
Received Import Request.
  Time since last request: 61.108214 seconds.
  path: Assets/Prefabs/Comrad.prefab
  artifactKey: Guid(6592a0c8904b98344a33e9c41a4c9ab8) Importer(815301076,1909f56bfc062723c751e8b465ee728b)
Start importing Assets/Prefabs/Comrad.prefab using Guid(6592a0c8904b98344a33e9c41a4c9ab8) Importer(815301076,1909f56bfc062723c751e8b465ee728b)  -> (artifact id: 'e1690c72983d90d16485c15ac149367a') in 0.021649 seconds
  Import took 0.025912 seconds .

========================================================================
Received Import Request.
  Time since last request: 0.040749 seconds.
  path: Assets/Prefabs/Comrad.prefab
  artifactKey: Guid(6592a0c8904b98344a33e9c41a4c9ab8) Importer(815301076,1909f56bfc062723c751e8b465ee728b)
Start importing Assets/Prefabs/Comrad.prefab using Guid(6592a0c8904b98344a33e9c41a4c9ab8) Importer(815301076,1909f56bfc062723c751e8b465ee728b)  -> (artifact id: 'e1690c72983d90d16485c15ac149367a') in 0.019765 seconds
  Import took 0.023021 seconds .

========================================================================
Received Import Request.
  Time since last request: 159.650379 seconds.
  path: Assets/Scripts/ComradLook.cs
  artifactKey: Guid(9bc68f9454c858c40b20da25d155c46c) Importer(815301076,1909f56bfc062723c751e8b465ee728b)
Start importing Assets/Scripts/ComradLook.cs using Guid(9bc68f9454c858c40b20da25d155c46c) Importer(815301076,1909f56bfc062723c751e8b465ee728b)  -> (artifact id: 'b5d59ea92afbc9ca32c3b432ebc71f69') in 0.035266 seconds
  Import took 0.039497 seconds .

========================================================================
Received Prepare
Registering precompiled user dll's ...
Registered in 0.000911 seconds.
Begin MonoManager ReloadAssembly
Native extension for Lumin target not found
Native extension for LinuxStandalone target not found
Native extension for WindowsStandalone target not found
Native extension for OSXStandalone target not found
Native extension for WebGL target not found
Refreshing native plugins compatible for Editor in 0.43 ms, found 0 plugins.
Preloading 0 native plugins for Editor in 0.00 ms.
Mono: successfully reloaded assembly
- Completed reload, in  1.338 seconds
Platform modules already initialized, skipping
Refreshing native plugins compatible for Editor in 0.40 ms, found 0 plugins.
Preloading 0 native plugins for Editor in 0.00 ms.
Unloading 1128 Unused Serialized files (Serialized files now loaded: 0)
System memory in use before: 74.5 MB.
System memory in use after: 74.6 MB.

Unloading 5 unused Assets to reduce memory usage. Loaded Objects now: 1699.
Total: 2.942400 ms (FindLiveObjects: 0.327700 ms CreateObjectMapping: 0.066400 ms MarkObjects: 2.448200 ms  DeleteObjects: 0.098400 ms)

========================================================================
Received Prepare
Registering precompiled user dll's ...
Registered in 0.001003 seconds.
Begin MonoManager ReloadAssembly
Native extension for Lumin target not found
Native extension for LinuxStandalone target not found
Native extension for WindowsStandalone target not found
Native extension for OSXStandalone target not found
Native extension for WebGL target not found
Refreshing native plugins compatible for Editor in 0.37 ms, found 0 plugins.
Preloading 0 native plugins for Editor in 0.00 ms.
Mono: successfully reloaded assembly
- Completed reload, in  1.296 seconds
Platform modules already initialized, skipping
Refreshing native plugins compatible for Editor in 0.40 ms, found 0 plugins.
Preloading 0 native plugins for Editor in 0.00 ms.
Unloading 1128 Unused Serialized files (Serialized files now loaded: 0)
System memory in use before: 74.5 MB.
System memory in use after: 74.6 MB.

Unloading 5 unused Assets to reduce memory usage. Loaded Objects now: 1702.
Total: 2.961300 ms (FindLiveObjects: 0.314900 ms CreateObjectMapping: 0.065300 ms MarkObjects: 2.478800 ms  DeleteObjects: 0.100700 ms)

========================================================================
Received Import Request.
  Time since last request: 65.699511 seconds.
  path: Assets/Scripts/ComradLook.cs
  artifactKey: Guid(9bc68f9454c858c40b20da25d155c46c) Importer(815301076,1909f56bfc062723c751e8b465ee728b)
Start importing Assets/Scripts/ComradLook.cs using Guid(9bc68f9454c858c40b20da25d155c46c) Importer(815301076,1909f56bfc062723c751e8b465ee728b)  -> (artifact id: 'd5308db762a13db251e33cfc81fb053c') in 0.007272 seconds
  Import took 0.010530 seconds .

========================================================================
Received Prepare
Registering precompiled user dll's ...
Registered in 0.001013 seconds.
Begin MonoManager ReloadAssembly
Native extension for Lumin target not found
Native extension for LinuxStandalone target not found
Native extension for WindowsStandalone target not found
Native extension for OSXStandalone target not found
Native extension for WebGL target not found
Refreshing native plugins compatible for Editor in 0.37 ms, found 0 plugins.
Preloading 0 native plugins for Editor in 0.00 ms.
Mono: successfully reloaded assembly
- Completed reload, in  1.281 seconds
Platform modules already initialized, skipping
Refreshing native plugins compatible for Editor in 0.39 ms, found 0 plugins.
Preloading 0 native plugins for Editor in 0.00 ms.
Unloading 1128 Unused Serialized files (Serialized files now loaded: 0)
System memory in use before: 74.5 MB.
System memory in use after: 74.6 MB.

Unloading 5 unused Assets to reduce memory usage. Loaded Objects now: 1705.
Total: 2.906900 ms (FindLiveObjects: 0.335600 ms CreateObjectMapping: 0.065700 ms MarkObjects: 2.414600 ms  DeleteObjects: 0.089400 ms)

========================================================================
Received Prepare
Registering precompiled user dll's ...
Registered in 0.000893 seconds.
Begin MonoManager ReloadAssembly
Native extension for Lumin target not found
Native extension for LinuxStandalone target not found
Native extension for WindowsStandalone target not found
Native extension for OSXStandalone target not found
Native extension for WebGL target not found
Refreshing native plugins compatible for Editor in 0.37 ms, found 0 plugins.
Preloading 0 native plugins for Editor in 0.00 ms.
Mono: successfully reloaded assembly
- Completed reload, in  1.295 seconds
Platform modules already initialized, skipping
Refreshing native plugins compatible for Editor in 0.41 ms, found 0 plugins.
Preloading 0 native plugins for Editor in 0.00 ms.
Unloading 1128 Unused Serialized files (Serialized files now loaded: 0)
System memory in use before: 74.5 MB.
System memory in use after: 74.6 MB.

Unloading 5 unused Assets to reduce memory usage. Loaded Objects now: 1708.
Total: 2.949700 ms (FindLiveObjects: 0.343600 ms CreateObjectMapping: 0.066500 ms MarkObjects: 2.447200 ms  DeleteObjects: 0.090500 ms)

========================================================================
Received Import Request.
  Time since last request: 116.366257 seconds.
  path: Assets/Scripts/LiveStats.cs
  artifactKey: Guid(69565485e1c7e8644838c59f36dee4e8) Importer(815301076,1909f56bfc062723c751e8b465ee728b)
Start importing Assets/Scripts/LiveStats.cs using Guid(69565485e1c7e8644838c59f36dee4e8) Importer(815301076,1909f56bfc062723c751e8b465ee728b)  -> (artifact id: '768fd544509a4956abfa30094dbf50c7') in 0.034008 seconds
  Import took 0.039624 seconds .

========================================================================
Received Prepare
Registering precompiled user dll's ...
Registered in 0.000944 seconds.
Begin MonoManager ReloadAssembly
Native extension for Lumin target not found
Native extension for LinuxStandalone target not found
Native extension for WindowsStandalone target not found
Native extension for OSXStandalone target not found
Native extension for WebGL target not found
Refreshing native plugins compatible for Editor in 0.44 ms, found 0 plugins.
Preloading 0 native plugins for Editor in 0.00 ms.
Mono: successfully reloaded assembly
- Completed reload, in  1.333 seconds
Platform modules already initialized, skipping
Refreshing native plugins compatible for Editor in 0.39 ms, found 0 plugins.
Preloading 0 native plugins for Editor in 0.00 ms.
Unloading 1129 Unused Serialized files (Serialized files now loaded: 0)
System memory in use before: 74.5 MB.
System memory in use after: 74.6 MB.

Unloading 5 unused Assets to reduce memory usage. Loaded Objects now: 1712.
Total: 3.090000 ms (FindLiveObjects: 0.316700 ms CreateObjectMapping: 0.065600 ms MarkObjects: 2.608900 ms  DeleteObjects: 0.097100 ms)

========================================================================
Received Import Request.
  Time since last request: 6.616522 seconds.
  path: Assets/Scripts/MouseLooker.cs
  artifactKey: Guid(a3d00fdbd0072c547a148cfc420d6ef4) Importer(815301076,1909f56bfc062723c751e8b465ee728b)
Start importing Assets/Scripts/MouseLooker.cs using Guid(a3d00fdbd0072c547a148cfc420d6ef4) Importer(815301076,1909f56bfc062723c751e8b465ee728b)  -> (artifact id: '9f0ac659b0db49bb7b755d2afdd5fa9c') in 0.007600 seconds
  Import took 0.010872 seconds .

========================================================================
Received Prepare
Registering precompiled user dll's ...
Registered in 0.000952 seconds.
Begin MonoManager ReloadAssembly
Native extension for Lumin target not found
Native extension for LinuxStandalone target not found
Native extension for WindowsStandalone target not found
Native extension for OSXStandalone target not found
Native extension for WebGL target not found
Refreshing native plugins compatible for Editor in 0.38 ms, found 0 plugins.
Preloading 0 native plugins for Editor in 0.00 ms.
Mono: successfully reloaded assembly
- Completed reload, in  1.308 seconds
Platform modules already initialized, skipping
Refreshing native plugins compatible for Editor in 0.44 ms, found 0 plugins.
Preloading 0 native plugins for Editor in 0.00 ms.
Unloading 1129 Unused Serialized files (Serialized files now loaded: 0)
System memory in use before: 74.5 MB.
System memory in use after: 74.6 MB.

Unloading 5 unused Assets to reduce memory usage. Loaded Objects now: 1715.
Total: 3.011300 ms (FindLiveObjects: 0.319100 ms CreateObjectMapping: 0.065700 ms MarkObjects: 2.526800 ms  DeleteObjects: 0.098000 ms)

========================================================================
Received Prepare
Registering precompiled user dll's ...
Registered in 0.000953 seconds.
Begin MonoManager ReloadAssembly
Native extension for Lumin target not found
Native extension for LinuxStandalone target not found
Native extension for WindowsStandalone target not found
Native extension for OSXStandalone target not found
Native extension for WebGL target not found
Refreshing native plugins compatible for Editor in 0.40 ms, found 0 plugins.
Preloading 0 native plugins for Editor in 0.00 ms.
Mono: successfully reloaded assembly
- Completed reload, in  1.281 seconds
Platform modules already initialized, skipping
Refreshing native plugins compatible for Editor in 0.41 ms, found 0 plugins.
Preloading 0 native plugins for Editor in 0.00 ms.
Unloading 1129 Unused Serialized files (Serialized files now loaded: 0)
System memory in use before: 74.5 MB.
System memory in use after: 74.6 MB.

Unloading 5 unused Assets to reduce memory usage. Loaded Objects now: 1718.
Total: 3.061700 ms (FindLiveObjects: 0.323800 ms CreateObjectMapping: 0.065600 ms MarkObjects: 2.571700 ms  DeleteObjects: 0.098600 ms)

========================================================================
Received Import Request.
  Time since last request: 640.044226 seconds.
  path: Assets/Scripts/MouseLooker.cs
  artifactKey: Guid(a3d00fdbd0072c547a148cfc420d6ef4) Importer(815301076,1909f56bfc062723c751e8b465ee728b)
Start importing Assets/Scripts/MouseLooker.cs using Guid(a3d00fdbd0072c547a148cfc420d6ef4) Importer(815301076,1909f56bfc062723c751e8b465ee728b)  -> (artifact id: '518bc57bce4bfc704fad20bf69a3e482') in 0.009121 seconds
  Import took 0.012216 seconds .

========================================================================
Received Prepare
Registering precompiled user dll's ...
Registered in 0.000885 seconds.
Begin MonoManager ReloadAssembly
Native extension for Lumin target not found
Native extension for LinuxStandalone target not found
Native extension for WindowsStandalone target not found
Native extension for OSXStandalone target not found
Native extension for WebGL target not found
Refreshing native plugins compatible for Editor in 0.42 ms, found 0 plugins.
Preloading 0 native plugins for Editor in 0.00 ms.
Mono: successfully reloaded assembly
- Completed reload, in  1.375 seconds
Platform modules already initialized, skipping
Refreshing native plugins compatible for Editor in 0.46 ms, found 0 plugins.
Preloading 0 native plugins for Editor in 0.00 ms.
Unloading 1129 Unused Serialized files (Serialized files now loaded: 0)
System memory in use before: 74.5 MB.
System memory in use after: 74.6 MB.

Unloading 5 unused Assets to reduce memory usage. Loaded Objects now: 1721.
Total: 3.124000 ms (FindLiveObjects: 0.383300 ms CreateObjectMapping: 0.080800 ms MarkObjects: 2.549400 ms  DeleteObjects: 0.108200 ms)

========================================================================
Received Prepare
Registering precompiled user dll's ...
Registered in 0.000954 seconds.
Begin MonoManager ReloadAssembly
Native extension for Lumin target not found
Native extension for LinuxStandalone target not found
Native extension for WindowsStandalone target not found
Native extension for OSXStandalone target not found
Native extension for WebGL target not found
Refreshing native plugins compatible for Editor in 0.38 ms, found 0 plugins.
Preloading 0 native plugins for Editor in 0.00 ms.
Mono: successfully reloaded assembly
- Completed reload, in  1.299 seconds
Platform modules already initialized, skipping
Refreshing native plugins compatible for Editor in 0.43 ms, found 0 plugins.
Preloading 0 native plugins for Editor in 0.00 ms.
Unloading 1129 Unused Serialized files (Serialized files now loaded: 0)
System memory in use before: 74.6 MB.
System memory in use after: 74.6 MB.

Unloading 5 unused Assets to reduce memory usage. Loaded Objects now: 1724.
Total: 3.098000 ms (FindLiveObjects: 0.355900 ms CreateObjectMapping: 0.066600 ms MarkObjects: 2.574800 ms  DeleteObjects: 0.098900 ms)

AssetImportWorkerClient::OnTransportError - code=2 error=End of file
